<?xml version="1.0" encoding="UTF-8"?>
<testng-results skipped="0" failed="0" ignored="0" total="1" passed="1">
  <reporter-output>
  </reporter-output>
  <suite name="Default suite" duration-ms="35349" started-at="2021-06-21T05:28:33Z" finished-at="2021-06-21T05:29:08Z">
    <groups>
    </groups>
    <test name="Default test" duration-ms="35349" started-at="2021-06-21T05:28:33Z" finished-at="2021-06-21T05:29:08Z">
      <class name="com.demo.toolsqa.IPODates">
        <test-method status="PASS" signature="validIPODates()[pri:0, instance:com.demo.toolsqa.IPODates@327b636c]" name="validIPODates" duration-ms="35182" started-at="2021-06-21T10:58:33Z" finished-at="2021-06-21T10:59:08Z">
          <reporter-output>
          </reporter-output>
        </test-method> <!-- validIPODates -->
      </class> <!-- com.demo.toolsqa.IPODates -->
    </test> <!-- Default test -->
  </suite> <!-- Default suite -->
</testng-results>
